<?xml version="1.0" encoding="UTF-8"?>
<testng-results skipped="0" failed="0" total="1" passed="1">
  <reporter-output>
  </reporter-output>
  <suite name="Default suite" duration-ms="77563" started-at="2019-05-30T12:55:43Z" finished-at="2019-05-30T12:57:01Z">
    <groups>
    </groups>
    <test name="Default test" duration-ms="77563" started-at="2019-05-30T12:55:43Z" finished-at="2019-05-30T12:57:01Z">
      <class name="ranjith.ExecutePom">
        <test-method status="PASS" signature="exe()[pri:0, instance:ranjith.ExecutePom@ea4a92b]" name="exe" duration-ms="77486" started-at="2019-05-30T18:25:43Z" finished-at="2019-05-30T18:27:01Z">
          <reporter-output>
          </reporter-output>
        </test-method> <!-- exe -->
      </class> <!-- ranjith.ExecutePom -->
    </test> <!-- Default test -->
  </suite> <!-- Default suite -->
</testng-results>
